<?xml version="1.0" encoding="UTF-8"?>
<!-- Generated by org.testng.reporters.JUnitReportReporter -->
<testsuite hostname="DESKTOP-RHAVO5R" failures="0" tests="1" name="com.raghib.selenium.staticwebtable.StaticWebTableExampleUsingTestng" time="4.265" errors="0" timestamp="2023-07-17T15:48:27 IST" skipped="0">
  <testcase classname="com.raghib.selenium.staticwebtable.StaticWebTableExampleUsingTestng" name="tableDetails" time="4.265"/>
</testsuite> <!-- com.raghib.selenium.staticwebtable.StaticWebTableExampleUsingTestng -->
